<?xml version="1.0" encoding="UTF-8"?>
<!-- Generated by org.testng.reporters.JUnitReportReporter -->
<testsuite hostname="DESKTOP-CTKJV5C" failures="0" tests="1" name="testCases.TC001_AccountRegistrationTest" time="12.303" errors="0" timestamp="2025-02-07T14:57:48 EST" skipped="0">
  <testcase classname="testCases.TC001_AccountRegistrationTest" name="verify_account_registration" time="12.303"/>
</testsuite> <!-- testCases.TC001_AccountRegistrationTest -->
