<?xml version="1.0" encoding="UTF-8"?>
<!-- Generated by org.testng.reporters.JUnitReportReporter -->
<testsuite hostname="DESKTOP-CTKJV5C" failures="0" tests="2" name="testCases.TC002_LoginTest" time="27.023" errors="0" timestamp="2025-02-13T19:02:29 EST" skipped="0">
  <testcase classname="testCases.TC002_LoginTest" name="verify_login" time="13.251"/>
  <testcase classname="testCases.TC002_LoginTest" name="verify_login" time="13.772"/>
</testsuite> <!-- testCases.TC002_LoginTest -->
