<?xml version="1.0" encoding="UTF-8"?>
<!-- Generated by org.testng.reporters.JUnitReportReporter -->
<testsuite hostname="DESKTOP-CTKJV5C" failures="0" tests="1" name="testCases.TC002_LoginTest" time="10.703" errors="0" timestamp="2025-02-13T16:30:33 EST" skipped="0">
  <testcase classname="testCases.TC002_LoginTest" name="verify_login" time="10.703"/>
</testsuite> <!-- testCases.TC002_LoginTest -->
